2025/12/01 00:48:14 [notice] 1#1: using the "epoll" event method
2025/12/01 00:48:14 [notice] 1#1: nginx/1.29.3
2025/12/01 00:48:14 [notice] 1#1: built by gcc 14.2.0 (Debian 14.2.0-19) 
2025/12/01 00:48:14 [notice] 1#1: OS: Linux 6.14.0-33-generic
2025/12/01 00:48:14 [notice] 1#1: getrlimit(RLIMIT_NOFILE): 1048576:1048576
2025/12/01 00:48:14 [notice] 1#1: start worker processes
2025/12/01 00:48:14 [notice] 1#1: start worker process 28
2025/12/01 00:48:14 [notice] 1#1: start worker process 29
2025/12/01 00:48:14 [notice] 1#1: start worker process 30
2025/12/01 00:48:14 [notice] 1#1: start worker process 31
2025/12/01 01:36:52 [notice] 1#1: signal 3 (SIGQUIT) received, shutting down
2025/12/01 01:36:52 [notice] 30#30: gracefully shutting down
2025/12/01 01:36:52 [notice] 29#29: gracefully shutting down
2025/12/01 01:36:52 [notice] 28#28: gracefully shutting down
2025/12/01 01:36:52 [notice] 31#31: gracefully shutting down
2025/12/01 01:36:52 [notice] 30#30: exiting
2025/12/01 01:36:52 [notice] 29#29: exiting
2025/12/01 01:36:52 [notice] 28#28: exiting
2025/12/01 01:36:52 [notice] 31#31: exiting
2025/12/01 01:36:52 [notice] 28#28: exit
2025/12/01 01:36:52 [notice] 29#29: exit
2025/12/01 01:36:52 [notice] 30#30: exit
2025/12/01 01:36:52 [notice] 31#31: exit
2025/12/01 01:36:54 [notice] 1#1: signal 17 (SIGCHLD) received from 28
2025/12/01 01:36:54 [notice] 1#1: worker process 28 exited with code 0
2025/12/01 01:36:54 [notice] 1#1: worker process 29 exited with code 0
2025/12/01 01:36:54 [notice] 1#1: worker process 30 exited with code 0
2025/12/01 01:36:54 [notice] 1#1: worker process 31 exited with code 0
2025/12/01 01:36:54 [notice] 1#1: exit
